Copyright 1986-2022 Xilinx, Inc. All Rights Reserved. Copyright 2022-2024 Advanced Micro Devices, Inc. All Rights Reserved.
---------------------------------------------------------------------------------------------------------------------------------------------
| Tool Version : Vivado v.2024.2 (win64) Build 5239630 Fri Nov 08 22:35:27 MST 2024
| Date         : Sun Jun 22 22:47:30 2025
| Host         : DESKTOP-D3IN07B running 64-bit major release  (build 9200)
| Command      : upgrade_ip
| Device       : xczu9eg-ffvb1156-2-e
---------------------------------------------------------------------------------------------------------------------------------------------

Upgrade Log for IP 'design_1_sha256_0_0'

1. Summary
----------

SUCCESS in the upgrade of design_1_sha256_0_0 (xilinx.com:user:sha256:1.0) from (Rev. 4) to (Rev. 5)






Copyright 1986-2022 Xilinx, Inc. All Rights Reserved. Copyright 2022-2024 Advanced Micro Devices, Inc. All Rights Reserved.
---------------------------------------------------------------------------------------------------------------------------------------------
| Tool Version : Vivado v.2024.2 (win64) Build 5239630 Fri Nov 08 22:35:27 MST 2024
| Date         : Sun Jun 22 22:47:05 2025
| Host         : DESKTOP-D3IN07B running 64-bit major release  (build 9200)
| Command      : upgrade_ip
| Device       : xczu9eg-ffvb1156-2-e
---------------------------------------------------------------------------------------------------------------------------------------------

Upgrade Log for IP 'design_1_sha256_0_0'

1. Summary
----------

SUCCESS in the update of design_1_sha256_0_0 (xilinx.com:user:sha256:1.0 (Rev. 4)) to current project options.






Copyright 1986-2022 Xilinx, Inc. All Rights Reserved. Copyright 2022-2024 Advanced Micro Devices, Inc. All Rights Reserved.
---------------------------------------------------------------------------------------------------------------------------------------------
| Tool Version : Vivado v.2024.2 (win64) Build 5239630 Fri Nov 08 22:35:27 MST 2024
| Date         : Sun Jun 22 22:40:02 2025
| Host         : DESKTOP-D3IN07B running 64-bit major release  (build 9200)
| Command      : upgrade_ip
| Device       : xczu9eg-ffvb1156-2-e
---------------------------------------------------------------------------------------------------------------------------------------------

Upgrade Log for IP 'design_1_sha256_0_0'

1. Summary
----------

CAUTION (success, with warnings) in the upgrade of design_1_sha256_0_0 (xilinx.com:user:sha256:1.0) from (Rev. 2) to (Rev. 4)

After upgrade, an IP may have parameter and port differences compared to the original customization. Please review the parameters within the IP customization GUI to ensure proper functionality. Also, please review the updated IP instantiation template to ensure proper connectivity, and update your design if required.

2. Connection Warnings
----------------------

Detected external port differences while upgrading 'design_1_sha256_0_0'. These changes may impact your design.


-Upgraded port 'o_status' width 4 differs from original width 2







Copyright 1986-2022 Xilinx, Inc. All Rights Reserved. Copyright 2022-2024 Advanced Micro Devices, Inc. All Rights Reserved.
---------------------------------------------------------------------------------------------------------------------------------------------
| Tool Version : Vivado v.2024.2 (win64) Build 5239630 Fri Nov 08 22:35:27 MST 2024
| Date         : Sun Jun 22 21:55:09 2025
| Host         : DESKTOP-D3IN07B running 64-bit major release  (build 9200)
| Command      : upgrade_ip
| Device       : xczu9eg-ffvb1156-2-e
---------------------------------------------------------------------------------------------------------------------------------------------

Upgrade Log for IP 'design_1_sha256_0_0'

1. Summary
----------

SUCCESS in the update of design_1_sha256_0_0 (xilinx.com:user:sha256:1.0 (Rev. 2)) to current project options.

